<?xml version="1.0" encoding="UTF-8"?>
<!-- Generated by org.testng.reporters.JUnitXMLReporter -->
<testsuite ignored="5" hostname="DESKTOP-03IFQFL" failures="0" tests="1" name="Default test" time="38.447" errors="0" timestamp="2024-03-26T19:44:37 IST">
  <testcase classname="testcases.SmokeTestMain" name="expense" time="16.694"/>
  <testcase classname="testcases.SmokeTestMain" name="project" time="0.0">
    <ignored/>
  </testcase> <!-- project -->
  <testcase classname="testcases.SmokeTestMain" name="invoice" time="0.0">
    <ignored/>
  </testcase> <!-- invoice -->
  <testcase classname="testcases.SmokeTestMain" name="MTE" time="0.0">
    <ignored/>
  </testcase> <!-- MTE -->
  <testcase classname="testcases.SmokeTestMain" name="manageMyEntries" time="0.0">
    <ignored/>
  </testcase> <!-- manageMyEntries -->
  <testcase classname="testcases.SmokeTestMain" name="client" time="0.0">
    <ignored/>
  </testcase> <!-- client -->
</testsuite> <!-- Default test -->
