<?xml version="1.0" encoding="UTF-8"?>
<testng-results ignored="0" total="1" passed="1" failed="0" skipped="0">
  <reporter-output>
  </reporter-output>
  <suite started-at="2024-03-26T19:43:59 IST" name="Default suite" finished-at="2024-03-26T19:44:37 IST" duration-ms="38447">
    <groups>
    </groups>
    <test started-at="2024-03-26T19:43:59 IST" name="Default test" finished-at="2024-03-26T19:44:37 IST" duration-ms="38447">
      <class name="testcases.SmokeTestMain">
        <test-method is-config="true" signature="noLogin()[pri:0, instance:testcases.SmokeTestMain@27406a17]" started-at="2024-03-26T19:43:59 IST" name="noLogin" finished-at="2024-03-26T19:44:20 IST" duration-ms="21672" status="PASS">
          <reporter-output>
          </reporter-output>
        </test-method> <!-- noLogin -->
        <test-method signature="expense()[pri:3, instance:testcases.SmokeTestMain@27406a17]" started-at="2024-03-26T19:44:20 IST" name="expense" finished-at="2024-03-26T19:44:37 IST" duration-ms="16694" status="PASS">
          <reporter-output>
          </reporter-output>
        </test-method> <!-- expense -->
      </class> <!-- testcases.SmokeTestMain -->
    </test> <!-- Default test -->
  </suite> <!-- Default suite -->
</testng-results>
